<?xml version="1.0" encoding="UTF-8"?>
<coverage generated="1637520376482" clover="3.2.0">
  <project timestamp="1637520376482" name="All files">
    <metrics statements="12" coveredstatements="8" conditionals="13" coveredconditionals="9" methods="2" coveredmethods="2" elements="27" coveredelements="19" complexity="0" loc="12" ncloc="12" packages="1" files="1" classes="1"/>
    <file name="validateConfig.js" path="D:\Rep\projects\Ciphering-CLI-Tool\validateConfig.js">
      <metrics statements="12" coveredstatements="8" conditionals="13" coveredconditionals="9" methods="2" coveredmethods="2"/>
      <line num="1" count="1" type="stmt"/>
      <line num="2" count="3" type="cond" truecount="1" falsecount="1"/>
      <line num="3" count="0" type="stmt"/>
      <line num="4" count="0" type="stmt"/>
      <line num="6" count="3" type="stmt"/>
      <line num="7" count="3" type="stmt"/>
      <line num="8" count="10" type="cond" truecount="3" falsecount="1"/>
      <line num="9" count="10" type="cond" truecount="1" falsecount="1"/>
      <line num="10" count="10" type="cond" truecount="4" falsecount="1"/>
      <line num="13" count="0" type="stmt"/>
      <line num="14" count="0" type="stmt"/>
      <line num="16" count="3" type="stmt"/>
    </file>
  </project>
</coverage>
