{"D:\\Rep\\projects\\Ciphering-CLI-Tool\\validateConfig.js": {"path":"D:\\Rep\\projects\\Ciphering-CLI-Tool\\validateConfig.js","statementMap":{"0":{"start":{"line":1,"column":0},"end":{"line":17,"column":1}},"1":{"start":{"line":2,"column":4},"end":{"line":5,"column":5}},"2":{"start":{"line":3,"column":8},"end":{"line":3,"column":54}},"3":{"start":{"line":4,"column":8},"end":{"line":4,"column":24}},"4":{"start":{"line":6,"column":4},"end":{"line":15,"column":5}},"5":{"start":{"line":7,"column":8},"end":{"line":11,"column":11}},"6":{"start":{"line":8,"column":12},"end":{"line":8,"column":118}},"7":{"start":{"line":8,"column":55},"end":{"line":8,"column":118}},"8":{"start":{"line":9,"column":12},"end":{"line":9,"column":123}},"9":{"start":{"line":9,"column":36},"end":{"line":9,"column":123}},"10":{"start":{"line":10,"column":12},"end":{"line":10,"column":155}},"11":{"start":{"line":10,"column":88},"end":{"line":10,"column":155}},"12":{"start":{"line":13,"column":8},"end":{"line":13,"column":36}},"13":{"start":{"line":14,"column":8},"end":{"line":14,"column":23}},"14":{"start":{"line":16,"column":4},"end":{"line":16,"column":28}}},"fnMap":{"0":{"name":"(anonymous_0)","decl":{"start":{"line":1,"column":32},"end":{"line":1,"column":33}},"loc":{"start":{"line":1,"column":44},"end":{"line":17,"column":1}},"line":1},"1":{"name":"(anonymous_1)","decl":{"start":{"line":7,"column":34},"end":{"line":7,"column":35}},"loc":{"start":{"line":7,"column":45},"end":{"line":11,"column":9}},"line":7}},"branchMap":{"0":{"loc":{"start":{"line":2,"column":4},"end":{"line":5,"column":5}},"type":"if","locations":[{"start":{"line":2,"column":4},"end":{"line":5,"column":5}},{"start":{},"end":{}}],"line":2},"1":{"loc":{"start":{"line":8,"column":12},"end":{"line":8,"column":118}},"type":"if","locations":[{"start":{"line":8,"column":12},"end":{"line":8,"column":118}},{"start":{},"end":{}}],"line":8},"2":{"loc":{"start":{"line":8,"column":16},"end":{"line":8,"column":53}},"type":"binary-expr","locations":[{"start":{"line":8,"column":16},"end":{"line":8,"column":34}},{"start":{"line":8,"column":38},"end":{"line":8,"column":53}}],"line":8},"3":{"loc":{"start":{"line":9,"column":12},"end":{"line":9,"column":123}},"type":"if","locations":[{"start":{"line":9,"column":12},"end":{"line":9,"column":123}},{"start":{},"end":{}}],"line":9},"4":{"loc":{"start":{"line":10,"column":12},"end":{"line":10,"column":155}},"type":"if","locations":[{"start":{"line":10,"column":12},"end":{"line":10,"column":155}},{"start":{},"end":{}}],"line":10},"5":{"loc":{"start":{"line":10,"column":16},"end":{"line":10,"column":86}},"type":"binary-expr","locations":[{"start":{"line":10,"column":16},"end":{"line":10,"column":36}},{"start":{"line":10,"column":42},"end":{"line":10,"column":60}},{"start":{"line":10,"column":66},"end":{"line":10,"column":84}}],"line":10}},"s":{"0":1,"1":3,"2":0,"3":0,"4":3,"5":3,"6":10,"7":0,"8":10,"9":0,"10":10,"11":0,"12":0,"13":0,"14":3},"f":{"0":3,"1":10},"b":{"0":[0,3],"1":[0,10],"2":[10,2],"3":[0,10],"4":[0,10],"5":[10,8,3]},"_coverageSchema":"1a1c01bbd47fc00a2c39e90264f33305004495a9","hash":"1a034e90993bde47a9030f5fcf227a3e2dc5683f"}
}
